{
  "uid" : "16cdd996b0153307",
  "name" : "This will delete existing user by email search",
  "fullName" : "User Related Tests: This will delete existing user by email search",
  "historyId" : "f5384039c173cf3a3f0a3f9dcde72805",
  "time" : {
    "start" : 1658249588847,
    "stop" : 1658249879476,
    "duration" : 290629
  },
  "status" : "failed",
  "statusMessage" : "expected [1] but found [0]",
  "statusTrace" : "java.lang.AssertionError: expected [1] but found [0]\r\n\tat org.testng.Assert.fail(Assert.java:96)\r\n\tat org.testng.Assert.failNotEquals(Assert.java:776)\r\n\tat org.testng.Assert.assertEqualsImpl(Assert.java:137)\r\n\tat org.testng.Assert.assertEquals(Assert.java:118)\r\n\tat org.testng.Assert.assertEquals(Assert.java:652)\r\n\tat org.testng.Assert.assertEquals(Assert.java:662)\r\n\tat pcx.modules.CreateUser.findUser(CreateUser.java:141)\r\n\tat pcx.modules.CreateUser.deleteUser(CreateUser.java:156)\r\n\tat stepDefinations.stepDefinition.DeleteUser(stepDefinition.java:219)\r\n\tat ✽.DeleteUser(file:src/test/java/features/UsersOptions.feature:40)\r\n",
  "flaky" : false,
  "newFailed" : false,
  "newBroken" : false,
  "newPassed" : false,
  "retriesCount" : 0,
  "retriesStatusChange" : false,
  "beforeStages" : [ ],
  "testStage" : {
    "status" : "failed",
    "statusMessage" : "expected [1] but found [0]",
    "statusTrace" : "java.lang.AssertionError: expected [1] but found [0]\r\n\tat org.testng.Assert.fail(Assert.java:96)\r\n\tat org.testng.Assert.failNotEquals(Assert.java:776)\r\n\tat org.testng.Assert.assertEqualsImpl(Assert.java:137)\r\n\tat org.testng.Assert.assertEquals(Assert.java:118)\r\n\tat org.testng.Assert.assertEquals(Assert.java:652)\r\n\tat org.testng.Assert.assertEquals(Assert.java:662)\r\n\tat pcx.modules.CreateUser.findUser(CreateUser.java:141)\r\n\tat pcx.modules.CreateUser.deleteUser(CreateUser.java:156)\r\n\tat stepDefinations.stepDefinition.DeleteUser(stepDefinition.java:219)\r\n\tat ✽.DeleteUser(file:src/test/java/features/UsersOptions.feature:40)\r\n",
    "steps" : [ {
      "name" : "And  Visit",
      "time" : {
        "start" : 1658249588847,
        "stop" : 1658249594278,
        "duration" : 5431
      },
      "status" : "passed",
      "steps" : [ ],
      "attachments" : [ ],
      "parameters" : [ ],
      "stepsCount" : 0,
      "hasContent" : false,
      "attachmentsCount" : 0,
      "shouldDisplayMessage" : false
    }, {
      "name" : "Given  Login",
      "time" : {
        "start" : 1658249594278,
        "stop" : 1658249613430,
        "duration" : 19152
      },
      "status" : "passed",
      "steps" : [ ],
      "attachments" : [ {
        "uid" : "76cc26b294560b63",
        "name" : "Just Login",
        "source" : "76cc26b294560b63.png",
        "type" : "image/png",
        "size" : 76586
      } ],
      "parameters" : [ ],
      "stepsCount" : 0,
      "hasContent" : true,
      "attachmentsCount" : 1,
      "shouldDisplayMessage" : false
    }, {
      "name" : "Given  DeleteUser",
      "time" : {
        "start" : 1658249613430,
        "stop" : 1658249878405,
        "duration" : 264975
      },
      "status" : "failed",
      "statusMessage" : "expected [1] but found [0]",
      "statusTrace" : "java.lang.AssertionError: expected [1] but found [0]\r\n\tat org.testng.Assert.fail(Assert.java:96)\r\n\tat org.testng.Assert.failNotEquals(Assert.java:776)\r\n\tat org.testng.Assert.assertEqualsImpl(Assert.java:137)\r\n\tat org.testng.Assert.assertEquals(Assert.java:118)\r\n\tat org.testng.Assert.assertEquals(Assert.java:652)\r\n\tat org.testng.Assert.assertEquals(Assert.java:662)\r\n\tat pcx.modules.CreateUser.findUser(CreateUser.java:141)\r\n\tat pcx.modules.CreateUser.deleteUser(CreateUser.java:156)\r\n\tat stepDefinations.stepDefinition.DeleteUser(stepDefinition.java:219)\r\n\tat ✽.DeleteUser(file:src/test/java/features/UsersOptions.feature:40)\r\n",
      "steps" : [ ],
      "attachments" : [ ],
      "parameters" : [ ],
      "stepsCount" : 0,
      "hasContent" : true,
      "attachmentsCount" : 0,
      "shouldDisplayMessage" : true
    } ],
    "attachments" : [ ],
    "parameters" : [ ],
    "stepsCount" : 3,
    "hasContent" : true,
    "attachmentsCount" : 1,
    "shouldDisplayMessage" : false
  },
  "afterStages" : [ {
    "name" : "stepDefinition.afterScenerio(Scenario)",
    "time" : {
      "start" : 1658249878407,
      "stop" : 1658249879475,
      "duration" : 1068
    },
    "status" : "passed",
    "steps" : [ ],
    "attachments" : [ {
      "uid" : "2b7bb680011e51ed",
      "name" : "Failure Screenshot",
      "source" : "2b7bb680011e51ed.png",
      "type" : "image/png",
      "size" : 53367
    } ],
    "parameters" : [ ],
    "stepsCount" : 0,
    "hasContent" : true,
    "attachmentsCount" : 1,
    "shouldDisplayMessage" : false
  } ],
  "labels" : [ {
    "name" : "tag",
    "value" : "DeleteUser"
  }, {
    "name" : "host",
    "value" : "DESKTOP-NH20ML0"
  }, {
    "name" : "thread",
    "value" : "7492@DESKTOP-NH20ML0.main(1)"
  }, {
    "name" : "feature",
    "value" : "User Related Tests"
  }, {
    "name" : "story",
    "value" : "This will delete existing user by email search"
  }, {
    "name" : "suite",
    "value" : "User Related Tests"
  }, {
    "name" : "testClass",
    "value" : "This will delete existing user by email search"
  }, {
    "name" : "framework",
    "value" : "cucumber4jvm"
  }, {
    "name" : "language",
    "value" : "java"
  }, {
    "name" : "gherkin_uri",
    "value" : "file:src/test/java/features/UsersOptions.feature"
  }, {
    "name" : "package",
    "value" : "src.test.java.features.UsersOptions_feature.User Related Tests"
  }, {
    "name" : "resultFormat",
    "value" : "allure2"
  } ],
  "parameters" : [ ],
  "links" : [ ],
  "hidden" : true,
  "retry" : true,
  "extra" : {
    "categories" : [ ],
    "tags" : [ "DeleteUser" ]
  },
  "source" : "16cdd996b0153307.json",
  "parameterValues" : [ ]
}