{
  "uid" : "331bfc0f767e6ecc",
  "name" : "This will create a new user and delete that user",
  "fullName" : "Users Module: This will create a new user and delete that user",
  "historyId" : "844c8408e0c69bda02cbc606ec1cd593",
  "time" : {
    "start" : 1658832833973,
    "stop" : 1658833124354,
    "duration" : 290381
  },
  "status" : "failed",
  "statusMessage" : "expected [1] but found [0]",
  "statusTrace" : "java.lang.AssertionError: expected [1] but found [0]\r\n\tat org.testng.Assert.fail(Assert.java:96)\r\n\tat org.testng.Assert.failNotEquals(Assert.java:776)\r\n\tat org.testng.Assert.assertEqualsImpl(Assert.java:137)\r\n\tat org.testng.Assert.assertEquals(Assert.java:118)\r\n\tat org.testng.Assert.assertEquals(Assert.java:652)\r\n\tat org.testng.Assert.assertEquals(Assert.java:662)\r\n\tat pcx.modules.CreateUser.findUser(CreateUser.java:141)\r\n\tat pcx.modules.CreateUser.deleteUser(CreateUser.java:162)\r\n\tat stepDefinations.stepDefinition.DeleteUser(stepDefinition.java:448)\r\n\tat ✽.DeleteUser(file:src/test/java/features/Users%20Module.feature:23)\r\n",
  "flaky" : false,
  "newFailed" : false,
  "newBroken" : false,
  "newPassed" : false,
  "retriesCount" : 0,
  "retriesStatusChange" : false,
  "beforeStages" : [ ],
  "testStage" : {
    "status" : "failed",
    "statusMessage" : "expected [1] but found [0]",
    "statusTrace" : "java.lang.AssertionError: expected [1] but found [0]\r\n\tat org.testng.Assert.fail(Assert.java:96)\r\n\tat org.testng.Assert.failNotEquals(Assert.java:776)\r\n\tat org.testng.Assert.assertEqualsImpl(Assert.java:137)\r\n\tat org.testng.Assert.assertEquals(Assert.java:118)\r\n\tat org.testng.Assert.assertEquals(Assert.java:652)\r\n\tat org.testng.Assert.assertEquals(Assert.java:662)\r\n\tat pcx.modules.CreateUser.findUser(CreateUser.java:141)\r\n\tat pcx.modules.CreateUser.deleteUser(CreateUser.java:162)\r\n\tat stepDefinations.stepDefinition.DeleteUser(stepDefinition.java:448)\r\n\tat ✽.DeleteUser(file:src/test/java/features/Users%20Module.feature:23)\r\n",
    "steps" : [ {
      "name" : "And  Visit",
      "time" : {
        "start" : 1658832833973,
        "stop" : 1658832838711,
        "duration" : 4738
      },
      "status" : "passed",
      "steps" : [ ],
      "attachments" : [ ],
      "parameters" : [ ],
      "hasContent" : false,
      "stepsCount" : 0,
      "attachmentsCount" : 0,
      "shouldDisplayMessage" : false
    }, {
      "name" : "Given  Login",
      "time" : {
        "start" : 1658832838711,
        "stop" : 1658832857820,
        "duration" : 19109
      },
      "status" : "passed",
      "steps" : [ ],
      "attachments" : [ {
        "uid" : "b3b66fae89394f69",
        "name" : "Just Login",
        "source" : "b3b66fae89394f69.png",
        "type" : "image/png",
        "size" : 76392
      } ],
      "parameters" : [ ],
      "hasContent" : true,
      "stepsCount" : 0,
      "attachmentsCount" : 1,
      "shouldDisplayMessage" : false
    }, {
      "name" : "Given  DeleteUser",
      "time" : {
        "start" : 1658832857820,
        "stop" : 1658833123396,
        "duration" : 265576
      },
      "status" : "failed",
      "statusMessage" : "expected [1] but found [0]",
      "statusTrace" : "java.lang.AssertionError: expected [1] but found [0]\r\n\tat org.testng.Assert.fail(Assert.java:96)\r\n\tat org.testng.Assert.failNotEquals(Assert.java:776)\r\n\tat org.testng.Assert.assertEqualsImpl(Assert.java:137)\r\n\tat org.testng.Assert.assertEquals(Assert.java:118)\r\n\tat org.testng.Assert.assertEquals(Assert.java:652)\r\n\tat org.testng.Assert.assertEquals(Assert.java:662)\r\n\tat pcx.modules.CreateUser.findUser(CreateUser.java:141)\r\n\tat pcx.modules.CreateUser.deleteUser(CreateUser.java:162)\r\n\tat stepDefinations.stepDefinition.DeleteUser(stepDefinition.java:448)\r\n\tat ✽.DeleteUser(file:src/test/java/features/Users%20Module.feature:23)\r\n",
      "steps" : [ ],
      "attachments" : [ ],
      "parameters" : [ ],
      "hasContent" : true,
      "stepsCount" : 0,
      "attachmentsCount" : 0,
      "shouldDisplayMessage" : true
    } ],
    "attachments" : [ ],
    "parameters" : [ ],
    "hasContent" : true,
    "stepsCount" : 3,
    "attachmentsCount" : 1,
    "shouldDisplayMessage" : false
  },
  "afterStages" : [ {
    "name" : "stepDefinition.afterScenerio(Scenario)",
    "time" : {
      "start" : 1658833123397,
      "stop" : 1658833124354,
      "duration" : 957
    },
    "status" : "passed",
    "steps" : [ ],
    "attachments" : [ {
      "uid" : "3cb8578b7c9381b3",
      "name" : "Failure Screenshot",
      "source" : "3cb8578b7c9381b3.png",
      "type" : "image/png",
      "size" : 47326
    } ],
    "parameters" : [ ],
    "hasContent" : true,
    "stepsCount" : 0,
    "attachmentsCount" : 1,
    "shouldDisplayMessage" : false
  } ],
  "labels" : [ {
    "name" : "tag",
    "value" : "DeleteUser"
  }, {
    "name" : "tag",
    "value" : "allTest"
  }, {
    "name" : "tag",
    "value" : "Users"
  }, {
    "name" : "host",
    "value" : "DESKTOP-NH20ML0"
  }, {
    "name" : "thread",
    "value" : "19484@DESKTOP-NH20ML0.main(1)"
  }, {
    "name" : "feature",
    "value" : "Users Module"
  }, {
    "name" : "story",
    "value" : "This will create a new user and delete that user"
  }, {
    "name" : "suite",
    "value" : "Users Module"
  }, {
    "name" : "testClass",
    "value" : "This will create a new user and delete that user"
  }, {
    "name" : "framework",
    "value" : "cucumber4jvm"
  }, {
    "name" : "language",
    "value" : "java"
  }, {
    "name" : "gherkin_uri",
    "value" : "file:src/test/java/features/Users%20Module.feature"
  }, {
    "name" : "package",
    "value" : "src.test.java.features.Users Module_feature.Users Module"
  }, {
    "name" : "resultFormat",
    "value" : "allure2"
  } ],
  "parameters" : [ ],
  "links" : [ ],
  "hidden" : true,
  "retry" : true,
  "extra" : {
    "categories" : [ ],
    "tags" : [ "allTest", "DeleteUser", "Users" ]
  },
  "source" : "331bfc0f767e6ecc.json",
  "parameterValues" : [ ]
}