{
  "uid" : "73df36780ebf2dc6",
  "name" : "This will search a user by an email and assign or update then validate.",
  "fullName" : "Users Module: This will search a user by an email and assign or update then validate.",
  "historyId" : "178ef3bc1b13c5bbda0d546dc0f42af3",
  "time" : {
    "start" : 1658833221098,
    "stop" : 1658833253539,
    "duration" : 32441
  },
  "status" : "failed",
  "statusMessage" : "expected [1] but found [4]",
  "statusTrace" : "java.lang.AssertionError: expected [1] but found [4]\r\n\tat org.testng.Assert.fail(Assert.java:96)\r\n\tat org.testng.Assert.failNotEquals(Assert.java:776)\r\n\tat org.testng.Assert.assertEqualsImpl(Assert.java:137)\r\n\tat org.testng.Assert.assertEquals(Assert.java:118)\r\n\tat org.testng.Assert.assertEquals(Assert.java:652)\r\n\tat org.testng.Assert.assertEquals(Assert.java:662)\r\n\tat pcx.modules.AdditionalModule.QualityCheckAssign(AdditionalModule.java:18)\r\n\tat stepDefinations.stepDefinition.QualityCheckAssign(stepDefinition.java:211)\r\n\tat ✽.QualityCheckAssign \"TestDhiman001@yopmail.com\" \"123\"(file:src/test/java/features/Users%20Module.feature:44)\r\n",
  "flaky" : false,
  "newFailed" : false,
  "newBroken" : false,
  "newPassed" : false,
  "retriesCount" : 0,
  "retriesStatusChange" : false,
  "beforeStages" : [ ],
  "testStage" : {
    "status" : "failed",
    "statusMessage" : "expected [1] but found [4]",
    "statusTrace" : "java.lang.AssertionError: expected [1] but found [4]\r\n\tat org.testng.Assert.fail(Assert.java:96)\r\n\tat org.testng.Assert.failNotEquals(Assert.java:776)\r\n\tat org.testng.Assert.assertEqualsImpl(Assert.java:137)\r\n\tat org.testng.Assert.assertEquals(Assert.java:118)\r\n\tat org.testng.Assert.assertEquals(Assert.java:652)\r\n\tat org.testng.Assert.assertEquals(Assert.java:662)\r\n\tat pcx.modules.AdditionalModule.QualityCheckAssign(AdditionalModule.java:18)\r\n\tat stepDefinations.stepDefinition.QualityCheckAssign(stepDefinition.java:211)\r\n\tat ✽.QualityCheckAssign \"TestDhiman001@yopmail.com\" \"123\"(file:src/test/java/features/Users%20Module.feature:44)\r\n",
    "steps" : [ {
      "name" : "And  Visit",
      "time" : {
        "start" : 1658833221098,
        "stop" : 1658833225685,
        "duration" : 4587
      },
      "status" : "passed",
      "steps" : [ ],
      "attachments" : [ ],
      "parameters" : [ ],
      "hasContent" : false,
      "stepsCount" : 0,
      "shouldDisplayMessage" : false,
      "attachmentsCount" : 0
    }, {
      "name" : "Given  Login",
      "time" : {
        "start" : 1658833225685,
        "stop" : 1658833244885,
        "duration" : 19200
      },
      "status" : "passed",
      "steps" : [ ],
      "attachments" : [ {
        "uid" : "6a435603a926fc2",
        "name" : "Just Login",
        "source" : "6a435603a926fc2.png",
        "type" : "image/png",
        "size" : 76392
      } ],
      "parameters" : [ ],
      "hasContent" : true,
      "stepsCount" : 0,
      "shouldDisplayMessage" : false,
      "attachmentsCount" : 1
    }, {
      "name" : "Given  QualityCheckAssign \"TestDhiman001@yopmail.com\" \"123\"",
      "time" : {
        "start" : 1658833244885,
        "stop" : 1658833252725,
        "duration" : 7840
      },
      "status" : "failed",
      "statusMessage" : "expected [1] but found [4]",
      "statusTrace" : "java.lang.AssertionError: expected [1] but found [4]\r\n\tat org.testng.Assert.fail(Assert.java:96)\r\n\tat org.testng.Assert.failNotEquals(Assert.java:776)\r\n\tat org.testng.Assert.assertEqualsImpl(Assert.java:137)\r\n\tat org.testng.Assert.assertEquals(Assert.java:118)\r\n\tat org.testng.Assert.assertEquals(Assert.java:652)\r\n\tat org.testng.Assert.assertEquals(Assert.java:662)\r\n\tat pcx.modules.AdditionalModule.QualityCheckAssign(AdditionalModule.java:18)\r\n\tat stepDefinations.stepDefinition.QualityCheckAssign(stepDefinition.java:211)\r\n\tat ✽.QualityCheckAssign \"TestDhiman001@yopmail.com\" \"123\"(file:src/test/java/features/Users%20Module.feature:44)\r\n",
      "steps" : [ ],
      "attachments" : [ ],
      "parameters" : [ ],
      "hasContent" : true,
      "stepsCount" : 0,
      "shouldDisplayMessage" : true,
      "attachmentsCount" : 0
    } ],
    "attachments" : [ ],
    "parameters" : [ ],
    "hasContent" : true,
    "stepsCount" : 3,
    "shouldDisplayMessage" : false,
    "attachmentsCount" : 1
  },
  "afterStages" : [ {
    "name" : "stepDefinition.afterScenerio(Scenario)",
    "time" : {
      "start" : 1658833252726,
      "stop" : 1658833253539,
      "duration" : 813
    },
    "status" : "passed",
    "steps" : [ ],
    "attachments" : [ {
      "uid" : "6453f2163122c769",
      "name" : "Failure Screenshot",
      "source" : "6453f2163122c769.png",
      "type" : "image/png",
      "size" : 90355
    } ],
    "parameters" : [ ],
    "hasContent" : true,
    "stepsCount" : 0,
    "shouldDisplayMessage" : false,
    "attachmentsCount" : 1
  } ],
  "labels" : [ {
    "name" : "tag",
    "value" : "QualityCheckAssign"
  }, {
    "name" : "tag",
    "value" : "allTest"
  }, {
    "name" : "tag",
    "value" : "Users"
  }, {
    "name" : "host",
    "value" : "DESKTOP-NH20ML0"
  }, {
    "name" : "thread",
    "value" : "19484@DESKTOP-NH20ML0.main(1)"
  }, {
    "name" : "feature",
    "value" : "Users Module"
  }, {
    "name" : "story",
    "value" : "This will search a user by an email and assign or update then validate."
  }, {
    "name" : "suite",
    "value" : "Users Module"
  }, {
    "name" : "testClass",
    "value" : "This will search a user by an email and assign or update then validate."
  }, {
    "name" : "framework",
    "value" : "cucumber4jvm"
  }, {
    "name" : "language",
    "value" : "java"
  }, {
    "name" : "gherkin_uri",
    "value" : "file:src/test/java/features/Users%20Module.feature"
  }, {
    "name" : "package",
    "value" : "src.test.java.features.Users Module_feature.Users Module"
  }, {
    "name" : "resultFormat",
    "value" : "allure2"
  } ],
  "parameters" : [ ],
  "links" : [ ],
  "hidden" : false,
  "retry" : false,
  "extra" : {
    "severity" : "normal",
    "retries" : [ ],
    "categories" : [ {
      "name" : "Product defects",
      "matchedStatuses" : [ ],
      "flaky" : false
    } ],
    "tags" : [ "allTest", "QualityCheckAssign", "Users" ]
  },
  "source" : "73df36780ebf2dc6.json",
  "parameterValues" : [ ]
}