{
  "uid" : "9526522470f00ee3",
  "name" : "This will create a new user with temporary yopmail and verify from mail Then it will find last created user.",
  "fullName" : "Users Module: This will create a new user with temporary yopmail and verify from mail Then it will find last created user.",
  "historyId" : "3f89d9b9f6775f4a4cbe3ce0a38b559",
  "time" : {
    "start" : 1659332110037,
    "stop" : 1659332252830,
    "duration" : 142793
  },
  "status" : "failed",
  "statusMessage" : "expected [1] but found [0]",
  "statusTrace" : "java.lang.AssertionError: expected [1] but found [0]\r\n\tat org.testng.Assert.fail(Assert.java:96)\r\n\tat org.testng.Assert.failNotEquals(Assert.java:776)\r\n\tat org.testng.Assert.assertEqualsImpl(Assert.java:137)\r\n\tat org.testng.Assert.assertEquals(Assert.java:118)\r\n\tat org.testng.Assert.assertEquals(Assert.java:652)\r\n\tat org.testng.Assert.assertEquals(Assert.java:662)\r\n\tat pcx.modules.CreateUser.findUser(CreateUser.java:142)\r\n\tat stepDefinations.stepDefinition.CreateUser(stepDefinition.java:141)\r\n\tat ✽.CreateNewUser(file:src/test/java/features/Users%20Module.feature:9)\r\n",
  "flaky" : false,
  "newFailed" : false,
  "newBroken" : false,
  "newPassed" : false,
  "retriesCount" : 0,
  "retriesStatusChange" : false,
  "beforeStages" : [ ],
  "testStage" : {
    "status" : "failed",
    "statusMessage" : "expected [1] but found [0]",
    "statusTrace" : "java.lang.AssertionError: expected [1] but found [0]\r\n\tat org.testng.Assert.fail(Assert.java:96)\r\n\tat org.testng.Assert.failNotEquals(Assert.java:776)\r\n\tat org.testng.Assert.assertEqualsImpl(Assert.java:137)\r\n\tat org.testng.Assert.assertEquals(Assert.java:118)\r\n\tat org.testng.Assert.assertEquals(Assert.java:652)\r\n\tat org.testng.Assert.assertEquals(Assert.java:662)\r\n\tat pcx.modules.CreateUser.findUser(CreateUser.java:142)\r\n\tat stepDefinations.stepDefinition.CreateUser(stepDefinition.java:141)\r\n\tat ✽.CreateNewUser(file:src/test/java/features/Users%20Module.feature:9)\r\n",
    "steps" : [ {
      "name" : "And  Visit",
      "time" : {
        "start" : 1659332110040,
        "stop" : 1659332131731,
        "duration" : 21691
      },
      "status" : "passed",
      "steps" : [ ],
      "attachments" : [ ],
      "parameters" : [ ],
      "attachmentsCount" : 0,
      "shouldDisplayMessage" : false,
      "stepsCount" : 0,
      "hasContent" : false
    }, {
      "name" : "Given  Login",
      "time" : {
        "start" : 1659332131731,
        "stop" : 1659332158209,
        "duration" : 26478
      },
      "status" : "passed",
      "steps" : [ ],
      "attachments" : [ {
        "uid" : "701081e9c2462451",
        "name" : "Just Login",
        "source" : "701081e9c2462451.png",
        "type" : "image/png",
        "size" : 82001
      } ],
      "parameters" : [ ],
      "attachmentsCount" : 1,
      "shouldDisplayMessage" : false,
      "stepsCount" : 0,
      "hasContent" : true
    }, {
      "name" : "Given  CreateNewUser",
      "time" : {
        "start" : 1659332158209,
        "stop" : 1659332248045,
        "duration" : 89836
      },
      "status" : "failed",
      "statusMessage" : "expected [1] but found [0]",
      "statusTrace" : "java.lang.AssertionError: expected [1] but found [0]\r\n\tat org.testng.Assert.fail(Assert.java:96)\r\n\tat org.testng.Assert.failNotEquals(Assert.java:776)\r\n\tat org.testng.Assert.assertEqualsImpl(Assert.java:137)\r\n\tat org.testng.Assert.assertEquals(Assert.java:118)\r\n\tat org.testng.Assert.assertEquals(Assert.java:652)\r\n\tat org.testng.Assert.assertEquals(Assert.java:662)\r\n\tat pcx.modules.CreateUser.findUser(CreateUser.java:142)\r\n\tat stepDefinations.stepDefinition.CreateUser(stepDefinition.java:141)\r\n\tat ✽.CreateNewUser(file:src/test/java/features/Users%20Module.feature:9)\r\n",
      "steps" : [ ],
      "attachments" : [ ],
      "parameters" : [ ],
      "attachmentsCount" : 0,
      "shouldDisplayMessage" : true,
      "stepsCount" : 0,
      "hasContent" : true
    } ],
    "attachments" : [ ],
    "parameters" : [ ],
    "attachmentsCount" : 1,
    "shouldDisplayMessage" : false,
    "stepsCount" : 3,
    "hasContent" : true
  },
  "afterStages" : [ {
    "name" : "stepDefinition.afterScenerio(Scenario)",
    "time" : {
      "start" : 1659332248047,
      "stop" : 1659332252829,
      "duration" : 4782
    },
    "status" : "passed",
    "steps" : [ ],
    "attachments" : [ {
      "uid" : "fd9089e47cef5215",
      "name" : "Failure Screenshot",
      "source" : "fd9089e47cef5215.png",
      "type" : "image/png",
      "size" : 49899
    } ],
    "parameters" : [ ],
    "attachmentsCount" : 1,
    "shouldDisplayMessage" : false,
    "stepsCount" : 0,
    "hasContent" : true
  } ],
  "labels" : [ {
    "name" : "tag",
    "value" : "CreateNewUser"
  }, {
    "name" : "tag",
    "value" : "allTest"
  }, {
    "name" : "tag",
    "value" : "Users"
  }, {
    "name" : "host",
    "value" : "DESKTOP-D4SH2AK"
  }, {
    "name" : "thread",
    "value" : "8736@DESKTOP-D4SH2AK.main(1)"
  }, {
    "name" : "feature",
    "value" : "Users Module"
  }, {
    "name" : "story",
    "value" : "This will create a new user with temporary yopmail and verify from mail Then it will find last created user."
  }, {
    "name" : "suite",
    "value" : "Users Module"
  }, {
    "name" : "testClass",
    "value" : "This will create a new user with temporary yopmail and verify from mail Then it will find last created user."
  }, {
    "name" : "framework",
    "value" : "cucumber4jvm"
  }, {
    "name" : "language",
    "value" : "java"
  }, {
    "name" : "gherkin_uri",
    "value" : "file:src/test/java/features/Users%20Module.feature"
  }, {
    "name" : "package",
    "value" : "src.test.java.features.Users Module_feature.Users Module"
  }, {
    "name" : "resultFormat",
    "value" : "allure2"
  } ],
  "parameters" : [ ],
  "links" : [ ],
  "hidden" : true,
  "retry" : true,
  "extra" : {
    "categories" : [ ],
    "tags" : [ "allTest", "Users", "CreateNewUser" ]
  },
  "source" : "9526522470f00ee3.json",
  "parameterValues" : [ ]
}