{
  "uid" : "a969d0e5aa54503f",
  "name" : "Validate Case Status from case list via Additional Option filter",
  "fullName" : "Case List Module: Validate Case Status from case list via Additional Option filter",
  "historyId" : "44e82282d0ba1bffe55b9ef751755e3f",
  "time" : {
    "start" : 1658950314425,
    "stop" : 1658950374294,
    "duration" : 59869
  },
  "status" : "broken",
  "statusMessage" : "no such element: Unable to locate element: {\"method\":\"css selector\",\"selector\":\"#am-1080\"}\n  (Session info: chrome=103.0.5060.134)\nFor documentation on this error, please visit: https://www.seleniumhq.org/exceptions/no_such_element.html\nBuild info: version: '3.141.59', revision: 'e82be7d358', time: '2018-11-14T08:17:03'\nSystem info: host: 'DESKTOP-NH20ML0', ip: '192.187.8.105', os.name: 'Windows 10', os.arch: 'amd64', os.version: '10.0', java.version: '11.0.11'\nDriver info: org.openqa.selenium.chrome.ChromeDriver\nCapabilities {acceptInsecureCerts: true, browserName: chrome, browserVersion: 103.0.5060.134, chrome: {chromedriverVersion: 103.0.5060.134 (8ec6fce403b..., userDataDir: C:\\Users\\DhimanSB\\AppData\\L...}, goog:chromeOptions: {debuggerAddress: localhost:14080}, javascriptEnabled: true, networkConnectionEnabled: false, pageLoadStrategy: normal, platform: WINDOWS, platformName: WINDOWS, proxy: Proxy(), setWindowRect: true, strictFileInteractability: false, timeouts: {implicit: 0, pageLoad: 300000, script: 30000}, unhandledPromptBehavior: dismiss and notify, webauthn:extension:credBlob: true, webauthn:extension:largeBlob: true, webauthn:virtualAuthenticators: true}\nSession ID: e03cc18b441d939ffdc2e3ff6035ac83\n*** Element info: {Using=css selector, value=#am-1080}",
  "statusTrace" : "org.openqa.selenium.NoSuchElementException: no such element: Unable to locate element: {\"method\":\"css selector\",\"selector\":\"#am-1080\"}\n  (Session info: chrome=103.0.5060.134)\nFor documentation on this error, please visit: https://www.seleniumhq.org/exceptions/no_such_element.html\nBuild info: version: '3.141.59', revision: 'e82be7d358', time: '2018-11-14T08:17:03'\nSystem info: host: 'DESKTOP-NH20ML0', ip: '192.187.8.105', os.name: 'Windows 10', os.arch: 'amd64', os.version: '10.0', java.version: '11.0.11'\nDriver info: org.openqa.selenium.chrome.ChromeDriver\nCapabilities {acceptInsecureCerts: true, browserName: chrome, browserVersion: 103.0.5060.134, chrome: {chromedriverVersion: 103.0.5060.134 (8ec6fce403b..., userDataDir: C:\\Users\\DhimanSB\\AppData\\L...}, goog:chromeOptions: {debuggerAddress: localhost:14080}, javascriptEnabled: true, networkConnectionEnabled: false, pageLoadStrategy: normal, platform: WINDOWS, platformName: WINDOWS, proxy: Proxy(), setWindowRect: true, strictFileInteractability: false, timeouts: {implicit: 0, pageLoad: 300000, script: 30000}, unhandledPromptBehavior: dismiss and notify, webauthn:extension:credBlob: true, webauthn:extension:largeBlob: true, webauthn:virtualAuthenticators: true}\nSession ID: e03cc18b441d939ffdc2e3ff6035ac83\n*** Element info: {Using=css selector, value=#am-1080}\r\n\tat java.base/jdk.internal.reflect.NativeConstructorAccessorImpl.newInstance0(Native Method)\r\n\tat java.base/jdk.internal.reflect.NativeConstructorAccessorImpl.newInstance(NativeConstructorAccessorImpl.java:62)\r\n\tat java.base/jdk.internal.reflect.DelegatingConstructorAccessorImpl.newInstance(DelegatingConstructorAccessorImpl.java:45)\r\n\tat java.base/java.lang.reflect.Constructor.newInstance(Constructor.java:490)\r\n\tat org.openqa.selenium.remote.http.W3CHttpResponseCodec.createException(W3CHttpResponseCodec.java:187)\r\n\tat org.openqa.selenium.remote.http.W3CHttpResponseCodec.decode(W3CHttpResponseCodec.java:122)\r\n\tat org.openqa.selenium.remote.http.W3CHttpResponseCodec.decode(W3CHttpResponseCodec.java:49)\r\n\tat org.openqa.selenium.remote.HttpCommandExecutor.execute(HttpCommandExecutor.java:158)\r\n\tat org.openqa.selenium.remote.service.DriverCommandExecutor.execute(DriverCommandExecutor.java:83)\r\n\tat org.openqa.selenium.remote.RemoteWebDriver.execute(RemoteWebDriver.java:552)\r\n\tat org.openqa.selenium.remote.RemoteWebDriver.findElement(RemoteWebDriver.java:323)\r\n\tat org.openqa.selenium.remote.RemoteWebDriver.findElementByCssSelector(RemoteWebDriver.java:420)\r\n\tat org.openqa.selenium.By$ByCssSelector.findElement(By.java:431)\r\n\tat org.openqa.selenium.remote.RemoteWebDriver.findElement(RemoteWebDriver.java:315)\r\n\tat pcx.modules.ch.makeLocator(ch.java:29)\r\n\tat pcx.modules.ch.DoHighligt(ch.java:36)\r\n\tat pcx.modules.ch.Click(ch.java:69)\r\n\tat pcx.modules.AdditionalOptions.ClickOnAdditonalOptionButton(AdditionalOptions.java:22)\r\n\tat pcx.modules.AdditionalOptions.ValidationFunction(AdditionalOptions.java:77)\r\n\tat pcx.modules.AdditionalOptions.ValidateCaseStatus(AdditionalOptions.java:115)\r\n\tat stepDefinations.stepDefinition.ValidateCaseStatus(stepDefinition.java:518)\r\n\tat ✽.ValidateCaseStatus(file:src/test/java/features/Case%20List%20Module.feature:30)\r\n",
  "flaky" : false,
  "newFailed" : false,
  "newBroken" : true,
  "newPassed" : false,
  "retriesCount" : 1,
  "retriesStatusChange" : true,
  "beforeStages" : [ ],
  "testStage" : {
    "status" : "broken",
    "statusMessage" : "no such element: Unable to locate element: {\"method\":\"css selector\",\"selector\":\"#am-1080\"}\n  (Session info: chrome=103.0.5060.134)\nFor documentation on this error, please visit: https://www.seleniumhq.org/exceptions/no_such_element.html\nBuild info: version: '3.141.59', revision: 'e82be7d358', time: '2018-11-14T08:17:03'\nSystem info: host: 'DESKTOP-NH20ML0', ip: '192.187.8.105', os.name: 'Windows 10', os.arch: 'amd64', os.version: '10.0', java.version: '11.0.11'\nDriver info: org.openqa.selenium.chrome.ChromeDriver\nCapabilities {acceptInsecureCerts: true, browserName: chrome, browserVersion: 103.0.5060.134, chrome: {chromedriverVersion: 103.0.5060.134 (8ec6fce403b..., userDataDir: C:\\Users\\DhimanSB\\AppData\\L...}, goog:chromeOptions: {debuggerAddress: localhost:14080}, javascriptEnabled: true, networkConnectionEnabled: false, pageLoadStrategy: normal, platform: WINDOWS, platformName: WINDOWS, proxy: Proxy(), setWindowRect: true, strictFileInteractability: false, timeouts: {implicit: 0, pageLoad: 300000, script: 30000}, unhandledPromptBehavior: dismiss and notify, webauthn:extension:credBlob: true, webauthn:extension:largeBlob: true, webauthn:virtualAuthenticators: true}\nSession ID: e03cc18b441d939ffdc2e3ff6035ac83\n*** Element info: {Using=css selector, value=#am-1080}",
    "statusTrace" : "org.openqa.selenium.NoSuchElementException: no such element: Unable to locate element: {\"method\":\"css selector\",\"selector\":\"#am-1080\"}\n  (Session info: chrome=103.0.5060.134)\nFor documentation on this error, please visit: https://www.seleniumhq.org/exceptions/no_such_element.html\nBuild info: version: '3.141.59', revision: 'e82be7d358', time: '2018-11-14T08:17:03'\nSystem info: host: 'DESKTOP-NH20ML0', ip: '192.187.8.105', os.name: 'Windows 10', os.arch: 'amd64', os.version: '10.0', java.version: '11.0.11'\nDriver info: org.openqa.selenium.chrome.ChromeDriver\nCapabilities {acceptInsecureCerts: true, browserName: chrome, browserVersion: 103.0.5060.134, chrome: {chromedriverVersion: 103.0.5060.134 (8ec6fce403b..., userDataDir: C:\\Users\\DhimanSB\\AppData\\L...}, goog:chromeOptions: {debuggerAddress: localhost:14080}, javascriptEnabled: true, networkConnectionEnabled: false, pageLoadStrategy: normal, platform: WINDOWS, platformName: WINDOWS, proxy: Proxy(), setWindowRect: true, strictFileInteractability: false, timeouts: {implicit: 0, pageLoad: 300000, script: 30000}, unhandledPromptBehavior: dismiss and notify, webauthn:extension:credBlob: true, webauthn:extension:largeBlob: true, webauthn:virtualAuthenticators: true}\nSession ID: e03cc18b441d939ffdc2e3ff6035ac83\n*** Element info: {Using=css selector, value=#am-1080}\r\n\tat java.base/jdk.internal.reflect.NativeConstructorAccessorImpl.newInstance0(Native Method)\r\n\tat java.base/jdk.internal.reflect.NativeConstructorAccessorImpl.newInstance(NativeConstructorAccessorImpl.java:62)\r\n\tat java.base/jdk.internal.reflect.DelegatingConstructorAccessorImpl.newInstance(DelegatingConstructorAccessorImpl.java:45)\r\n\tat java.base/java.lang.reflect.Constructor.newInstance(Constructor.java:490)\r\n\tat org.openqa.selenium.remote.http.W3CHttpResponseCodec.createException(W3CHttpResponseCodec.java:187)\r\n\tat org.openqa.selenium.remote.http.W3CHttpResponseCodec.decode(W3CHttpResponseCodec.java:122)\r\n\tat org.openqa.selenium.remote.http.W3CHttpResponseCodec.decode(W3CHttpResponseCodec.java:49)\r\n\tat org.openqa.selenium.remote.HttpCommandExecutor.execute(HttpCommandExecutor.java:158)\r\n\tat org.openqa.selenium.remote.service.DriverCommandExecutor.execute(DriverCommandExecutor.java:83)\r\n\tat org.openqa.selenium.remote.RemoteWebDriver.execute(RemoteWebDriver.java:552)\r\n\tat org.openqa.selenium.remote.RemoteWebDriver.findElement(RemoteWebDriver.java:323)\r\n\tat org.openqa.selenium.remote.RemoteWebDriver.findElementByCssSelector(RemoteWebDriver.java:420)\r\n\tat org.openqa.selenium.By$ByCssSelector.findElement(By.java:431)\r\n\tat org.openqa.selenium.remote.RemoteWebDriver.findElement(RemoteWebDriver.java:315)\r\n\tat pcx.modules.ch.makeLocator(ch.java:29)\r\n\tat pcx.modules.ch.DoHighligt(ch.java:36)\r\n\tat pcx.modules.ch.Click(ch.java:69)\r\n\tat pcx.modules.AdditionalOptions.ClickOnAdditonalOptionButton(AdditionalOptions.java:22)\r\n\tat pcx.modules.AdditionalOptions.ValidationFunction(AdditionalOptions.java:77)\r\n\tat pcx.modules.AdditionalOptions.ValidateCaseStatus(AdditionalOptions.java:115)\r\n\tat stepDefinations.stepDefinition.ValidateCaseStatus(stepDefinition.java:518)\r\n\tat ✽.ValidateCaseStatus(file:src/test/java/features/Case%20List%20Module.feature:30)\r\n",
    "steps" : [ {
      "name" : "And  Visit",
      "time" : {
        "start" : 1658950314426,
        "stop" : 1658950319201,
        "duration" : 4775
      },
      "status" : "passed",
      "steps" : [ ],
      "attachments" : [ ],
      "parameters" : [ ],
      "hasContent" : false,
      "stepsCount" : 0,
      "attachmentsCount" : 0,
      "shouldDisplayMessage" : false
    }, {
      "name" : "Given  Login",
      "time" : {
        "start" : 1658950319201,
        "stop" : 1658950338366,
        "duration" : 19165
      },
      "status" : "passed",
      "steps" : [ ],
      "attachments" : [ {
        "uid" : "186b991cbcc169e6",
        "name" : "Just Login",
        "source" : "186b991cbcc169e6.png",
        "type" : "image/png",
        "size" : 76479
      } ],
      "parameters" : [ ],
      "hasContent" : true,
      "stepsCount" : 0,
      "attachmentsCount" : 1,
      "shouldDisplayMessage" : false
    }, {
      "name" : "Given  ValidateCaseStatus",
      "time" : {
        "start" : 1658950338366,
        "stop" : 1658950373413,
        "duration" : 35047
      },
      "status" : "broken",
      "statusMessage" : "no such element: Unable to locate element: {\"method\":\"css selector\",\"selector\":\"#am-1080\"}\n  (Session info: chrome=103.0.5060.134)\nFor documentation on this error, please visit: https://www.seleniumhq.org/exceptions/no_such_element.html\nBuild info: version: '3.141.59', revision: 'e82be7d358', time: '2018-11-14T08:17:03'\nSystem info: host: 'DESKTOP-NH20ML0', ip: '192.187.8.105', os.name: 'Windows 10', os.arch: 'amd64', os.version: '10.0', java.version: '11.0.11'\nDriver info: org.openqa.selenium.chrome.ChromeDriver\nCapabilities {acceptInsecureCerts: true, browserName: chrome, browserVersion: 103.0.5060.134, chrome: {chromedriverVersion: 103.0.5060.134 (8ec6fce403b..., userDataDir: C:\\Users\\DhimanSB\\AppData\\L...}, goog:chromeOptions: {debuggerAddress: localhost:14080}, javascriptEnabled: true, networkConnectionEnabled: false, pageLoadStrategy: normal, platform: WINDOWS, platformName: WINDOWS, proxy: Proxy(), setWindowRect: true, strictFileInteractability: false, timeouts: {implicit: 0, pageLoad: 300000, script: 30000}, unhandledPromptBehavior: dismiss and notify, webauthn:extension:credBlob: true, webauthn:extension:largeBlob: true, webauthn:virtualAuthenticators: true}\nSession ID: e03cc18b441d939ffdc2e3ff6035ac83\n*** Element info: {Using=css selector, value=#am-1080}",
      "statusTrace" : "org.openqa.selenium.NoSuchElementException: no such element: Unable to locate element: {\"method\":\"css selector\",\"selector\":\"#am-1080\"}\n  (Session info: chrome=103.0.5060.134)\nFor documentation on this error, please visit: https://www.seleniumhq.org/exceptions/no_such_element.html\nBuild info: version: '3.141.59', revision: 'e82be7d358', time: '2018-11-14T08:17:03'\nSystem info: host: 'DESKTOP-NH20ML0', ip: '192.187.8.105', os.name: 'Windows 10', os.arch: 'amd64', os.version: '10.0', java.version: '11.0.11'\nDriver info: org.openqa.selenium.chrome.ChromeDriver\nCapabilities {acceptInsecureCerts: true, browserName: chrome, browserVersion: 103.0.5060.134, chrome: {chromedriverVersion: 103.0.5060.134 (8ec6fce403b..., userDataDir: C:\\Users\\DhimanSB\\AppData\\L...}, goog:chromeOptions: {debuggerAddress: localhost:14080}, javascriptEnabled: true, networkConnectionEnabled: false, pageLoadStrategy: normal, platform: WINDOWS, platformName: WINDOWS, proxy: Proxy(), setWindowRect: true, strictFileInteractability: false, timeouts: {implicit: 0, pageLoad: 300000, script: 30000}, unhandledPromptBehavior: dismiss and notify, webauthn:extension:credBlob: true, webauthn:extension:largeBlob: true, webauthn:virtualAuthenticators: true}\nSession ID: e03cc18b441d939ffdc2e3ff6035ac83\n*** Element info: {Using=css selector, value=#am-1080}\r\n\tat java.base/jdk.internal.reflect.NativeConstructorAccessorImpl.newInstance0(Native Method)\r\n\tat java.base/jdk.internal.reflect.NativeConstructorAccessorImpl.newInstance(NativeConstructorAccessorImpl.java:62)\r\n\tat java.base/jdk.internal.reflect.DelegatingConstructorAccessorImpl.newInstance(DelegatingConstructorAccessorImpl.java:45)\r\n\tat java.base/java.lang.reflect.Constructor.newInstance(Constructor.java:490)\r\n\tat org.openqa.selenium.remote.http.W3CHttpResponseCodec.createException(W3CHttpResponseCodec.java:187)\r\n\tat org.openqa.selenium.remote.http.W3CHttpResponseCodec.decode(W3CHttpResponseCodec.java:122)\r\n\tat org.openqa.selenium.remote.http.W3CHttpResponseCodec.decode(W3CHttpResponseCodec.java:49)\r\n\tat org.openqa.selenium.remote.HttpCommandExecutor.execute(HttpCommandExecutor.java:158)\r\n\tat org.openqa.selenium.remote.service.DriverCommandExecutor.execute(DriverCommandExecutor.java:83)\r\n\tat org.openqa.selenium.remote.RemoteWebDriver.execute(RemoteWebDriver.java:552)\r\n\tat org.openqa.selenium.remote.RemoteWebDriver.findElement(RemoteWebDriver.java:323)\r\n\tat org.openqa.selenium.remote.RemoteWebDriver.findElementByCssSelector(RemoteWebDriver.java:420)\r\n\tat org.openqa.selenium.By$ByCssSelector.findElement(By.java:431)\r\n\tat org.openqa.selenium.remote.RemoteWebDriver.findElement(RemoteWebDriver.java:315)\r\n\tat pcx.modules.ch.makeLocator(ch.java:29)\r\n\tat pcx.modules.ch.DoHighligt(ch.java:36)\r\n\tat pcx.modules.ch.Click(ch.java:69)\r\n\tat pcx.modules.AdditionalOptions.ClickOnAdditonalOptionButton(AdditionalOptions.java:22)\r\n\tat pcx.modules.AdditionalOptions.ValidationFunction(AdditionalOptions.java:77)\r\n\tat pcx.modules.AdditionalOptions.ValidateCaseStatus(AdditionalOptions.java:115)\r\n\tat stepDefinations.stepDefinition.ValidateCaseStatus(stepDefinition.java:518)\r\n\tat ✽.ValidateCaseStatus(file:src/test/java/features/Case%20List%20Module.feature:30)\r\n",
      "steps" : [ ],
      "attachments" : [ ],
      "parameters" : [ ],
      "hasContent" : true,
      "stepsCount" : 0,
      "attachmentsCount" : 0,
      "shouldDisplayMessage" : true
    } ],
    "attachments" : [ ],
    "parameters" : [ ],
    "hasContent" : true,
    "stepsCount" : 3,
    "attachmentsCount" : 1,
    "shouldDisplayMessage" : false
  },
  "afterStages" : [ {
    "name" : "stepDefinition.afterScenerio(Scenario)",
    "time" : {
      "start" : 1658950373413,
      "stop" : 1658950374293,
      "duration" : 880
    },
    "status" : "passed",
    "steps" : [ ],
    "attachments" : [ {
      "uid" : "56c810c17df61a38",
      "name" : "Failure Screenshot",
      "source" : "56c810c17df61a38.png",
      "type" : "image/png",
      "size" : 163746
    } ],
    "parameters" : [ ],
    "hasContent" : true,
    "stepsCount" : 0,
    "attachmentsCount" : 1,
    "shouldDisplayMessage" : false
  } ],
  "labels" : [ {
    "name" : "tag",
    "value" : "ValidateCaseStatus"
  }, {
    "name" : "tag",
    "value" : "allTest"
  }, {
    "name" : "tag",
    "value" : "CaseList"
  }, {
    "name" : "tag",
    "value" : "AdditionalOptions"
  }, {
    "name" : "host",
    "value" : "DESKTOP-NH20ML0"
  }, {
    "name" : "thread",
    "value" : "23356@DESKTOP-NH20ML0.main(1)"
  }, {
    "name" : "feature",
    "value" : "Case List Module"
  }, {
    "name" : "story",
    "value" : "Validate Case Status from case list via Additional Option filter"
  }, {
    "name" : "suite",
    "value" : "Case List Module"
  }, {
    "name" : "testClass",
    "value" : "Validate Case Status from case list via Additional Option filter"
  }, {
    "name" : "framework",
    "value" : "cucumber4jvm"
  }, {
    "name" : "language",
    "value" : "java"
  }, {
    "name" : "gherkin_uri",
    "value" : "file:src/test/java/features/Case%20List%20Module.feature"
  }, {
    "name" : "package",
    "value" : "src.test.java.features.Case List Module_feature.Case List Module"
  }, {
    "name" : "resultFormat",
    "value" : "allure2"
  } ],
  "parameters" : [ ],
  "links" : [ ],
  "hidden" : false,
  "retry" : false,
  "extra" : {
    "severity" : "normal",
    "retries" : [ {
      "uid" : "f26a5680257b28b0",
      "status" : "passed",
      "time" : {
        "start" : 1658910963885,
        "stop" : 1658911039465,
        "duration" : 75580
      }
    } ],
    "categories" : [ {
      "name" : "Test defects",
      "matchedStatuses" : [ ],
      "flaky" : false
    } ],
    "history" : {
      "statistic" : {
        "failed" : 0,
        "broken" : 1,
        "skipped" : 0,
        "passed" : 2,
        "unknown" : 0,
        "total" : 3
      },
      "items" : [ {
        "uid" : "1673e82484b17c63",
        "reportUrl" : "http://automate.seliselocal.com:8080/job/pcxModules/7/allure/#testresult/1673e82484b17c63",
        "status" : "passed",
        "time" : {
          "start" : 1658910963885,
          "stop" : 1658911039465,
          "duration" : 75580
        }
      }, {
        "uid" : "ea27fe8e0af27f74",
        "reportUrl" : "http://automate.seliselocal.com:8080/job/pcxModules/6/allure/#testresult/ea27fe8e0af27f74",
        "status" : "passed",
        "time" : {
          "start" : 1658910963885,
          "stop" : 1658911039465,
          "duration" : 75580
        }
      } ]
    },
    "tags" : [ "allTest", "CaseList", "ValidateCaseStatus", "AdditionalOptions" ]
  },
  "source" : "a969d0e5aa54503f.json",
  "parameterValues" : [ ]
}