{
  "uid" : "cb78228ba4d85198",
  "name" : "Delete existing User by its mail",
  "fullName" : "Users Module: Delete existing User by its mail",
  "historyId" : "e35525866ea69c0802f0ec3ec3af42f1",
  "time" : {
    "start" : 1658833124362,
    "stop" : 1658833181840,
    "duration" : 57478
  },
  "status" : "failed",
  "statusMessage" : "expected [1] but found [0]",
  "statusTrace" : "java.lang.AssertionError: expected [1] but found [0]\r\n\tat org.testng.Assert.fail(Assert.java:96)\r\n\tat org.testng.Assert.failNotEquals(Assert.java:776)\r\n\tat org.testng.Assert.assertEqualsImpl(Assert.java:137)\r\n\tat org.testng.Assert.assertEquals(Assert.java:118)\r\n\tat org.testng.Assert.assertEquals(Assert.java:652)\r\n\tat org.testng.Assert.assertEquals(Assert.java:662)\r\n\tat pcx.modules.CreateUser.findUser(CreateUser.java:141)\r\n\tat pcx.modules.CreateUser.deleteUser(CreateUser.java:162)\r\n\tat stepDefinations.stepDefinition.DeleteExistingUser(stepDefinition.java:465)\r\n\tat ✽.DeleteExistingUser(file:src/test/java/features/Users%20Module.feature:30)\r\n",
  "flaky" : false,
  "newFailed" : false,
  "newBroken" : false,
  "newPassed" : false,
  "retriesCount" : 0,
  "retriesStatusChange" : false,
  "beforeStages" : [ ],
  "testStage" : {
    "status" : "failed",
    "statusMessage" : "expected [1] but found [0]",
    "statusTrace" : "java.lang.AssertionError: expected [1] but found [0]\r\n\tat org.testng.Assert.fail(Assert.java:96)\r\n\tat org.testng.Assert.failNotEquals(Assert.java:776)\r\n\tat org.testng.Assert.assertEqualsImpl(Assert.java:137)\r\n\tat org.testng.Assert.assertEquals(Assert.java:118)\r\n\tat org.testng.Assert.assertEquals(Assert.java:652)\r\n\tat org.testng.Assert.assertEquals(Assert.java:662)\r\n\tat pcx.modules.CreateUser.findUser(CreateUser.java:141)\r\n\tat pcx.modules.CreateUser.deleteUser(CreateUser.java:162)\r\n\tat stepDefinations.stepDefinition.DeleteExistingUser(stepDefinition.java:465)\r\n\tat ✽.DeleteExistingUser(file:src/test/java/features/Users%20Module.feature:30)\r\n",
    "steps" : [ {
      "name" : "And  Visit",
      "time" : {
        "start" : 1658833124362,
        "stop" : 1658833129159,
        "duration" : 4797
      },
      "status" : "passed",
      "steps" : [ ],
      "attachments" : [ ],
      "parameters" : [ ],
      "attachmentsCount" : 0,
      "shouldDisplayMessage" : false,
      "stepsCount" : 0,
      "hasContent" : false
    }, {
      "name" : "Given  Login",
      "time" : {
        "start" : 1658833129159,
        "stop" : 1658833149009,
        "duration" : 19850
      },
      "status" : "passed",
      "steps" : [ ],
      "attachments" : [ {
        "uid" : "51adb422974d7c34",
        "name" : "Just Login",
        "source" : "51adb422974d7c34.png",
        "type" : "image/png",
        "size" : 76392
      } ],
      "parameters" : [ ],
      "attachmentsCount" : 1,
      "shouldDisplayMessage" : false,
      "stepsCount" : 0,
      "hasContent" : true
    }, {
      "name" : "Given  DeleteExistingUser",
      "time" : {
        "start" : 1658833149009,
        "stop" : 1658833181043,
        "duration" : 32034
      },
      "status" : "failed",
      "statusMessage" : "expected [1] but found [0]",
      "statusTrace" : "java.lang.AssertionError: expected [1] but found [0]\r\n\tat org.testng.Assert.fail(Assert.java:96)\r\n\tat org.testng.Assert.failNotEquals(Assert.java:776)\r\n\tat org.testng.Assert.assertEqualsImpl(Assert.java:137)\r\n\tat org.testng.Assert.assertEquals(Assert.java:118)\r\n\tat org.testng.Assert.assertEquals(Assert.java:652)\r\n\tat org.testng.Assert.assertEquals(Assert.java:662)\r\n\tat pcx.modules.CreateUser.findUser(CreateUser.java:141)\r\n\tat pcx.modules.CreateUser.deleteUser(CreateUser.java:162)\r\n\tat stepDefinations.stepDefinition.DeleteExistingUser(stepDefinition.java:465)\r\n\tat ✽.DeleteExistingUser(file:src/test/java/features/Users%20Module.feature:30)\r\n",
      "steps" : [ ],
      "attachments" : [ ],
      "parameters" : [ ],
      "attachmentsCount" : 0,
      "shouldDisplayMessage" : true,
      "stepsCount" : 0,
      "hasContent" : true
    } ],
    "attachments" : [ ],
    "parameters" : [ ],
    "attachmentsCount" : 1,
    "shouldDisplayMessage" : false,
    "stepsCount" : 3,
    "hasContent" : true
  },
  "afterStages" : [ {
    "name" : "stepDefinition.afterScenerio(Scenario)",
    "time" : {
      "start" : 1658833181044,
      "stop" : 1658833181840,
      "duration" : 796
    },
    "status" : "passed",
    "steps" : [ ],
    "attachments" : [ {
      "uid" : "76f47b0d541db1dc",
      "name" : "Failure Screenshot",
      "source" : "76f47b0d541db1dc.png",
      "type" : "image/png",
      "size" : 44658
    } ],
    "parameters" : [ ],
    "attachmentsCount" : 1,
    "shouldDisplayMessage" : false,
    "stepsCount" : 0,
    "hasContent" : true
  } ],
  "labels" : [ {
    "name" : "tag",
    "value" : "DeleteExistingUser"
  }, {
    "name" : "tag",
    "value" : "allTest"
  }, {
    "name" : "tag",
    "value" : "Users"
  }, {
    "name" : "host",
    "value" : "DESKTOP-NH20ML0"
  }, {
    "name" : "thread",
    "value" : "19484@DESKTOP-NH20ML0.main(1)"
  }, {
    "name" : "feature",
    "value" : "Users Module"
  }, {
    "name" : "story",
    "value" : "Delete existing User by its mail"
  }, {
    "name" : "suite",
    "value" : "Users Module"
  }, {
    "name" : "testClass",
    "value" : "Delete existing User by its mail"
  }, {
    "name" : "framework",
    "value" : "cucumber4jvm"
  }, {
    "name" : "language",
    "value" : "java"
  }, {
    "name" : "gherkin_uri",
    "value" : "file:src/test/java/features/Users%20Module.feature"
  }, {
    "name" : "package",
    "value" : "src.test.java.features.Users Module_feature.Users Module"
  }, {
    "name" : "resultFormat",
    "value" : "allure2"
  } ],
  "parameters" : [ ],
  "links" : [ ],
  "hidden" : true,
  "retry" : true,
  "extra" : {
    "categories" : [ ],
    "tags" : [ "allTest", "DeleteExistingUser", "Users" ]
  },
  "source" : "cb78228ba4d85198.json",
  "parameterValues" : [ ]
}