{
  "uid" : "e875b3cb9758c2a0",
  "name" : "This will create a new user and delete that user",
  "fullName" : "Users Module: This will create a new user and delete that user",
  "historyId" : "844c8408e0c69bda02cbc606ec1cd593",
  "time" : {
    "start" : 1658918616546,
    "stop" : 1658918908079,
    "duration" : 291533
  },
  "status" : "failed",
  "statusMessage" : "expected [1] but found [0]",
  "statusTrace" : "java.lang.AssertionError: expected [1] but found [0]\r\n\tat org.testng.Assert.fail(Assert.java:96)\r\n\tat org.testng.Assert.failNotEquals(Assert.java:776)\r\n\tat org.testng.Assert.assertEqualsImpl(Assert.java:137)\r\n\tat org.testng.Assert.assertEquals(Assert.java:118)\r\n\tat org.testng.Assert.assertEquals(Assert.java:652)\r\n\tat org.testng.Assert.assertEquals(Assert.java:662)\r\n\tat pcx.modules.CreateUser.findUser(CreateUser.java:141)\r\n\tat pcx.modules.CreateUser.deleteUser(CreateUser.java:162)\r\n\tat stepDefinations.stepDefinition.DeleteUser(stepDefinition.java:456)\r\n\tat ✽.DeleteUser(file:src/test/java/features/Users%20Module.feature:23)\r\n",
  "flaky" : false,
  "newFailed" : false,
  "newBroken" : false,
  "newPassed" : false,
  "retriesCount" : 0,
  "retriesStatusChange" : false,
  "beforeStages" : [ ],
  "testStage" : {
    "status" : "failed",
    "statusMessage" : "expected [1] but found [0]",
    "statusTrace" : "java.lang.AssertionError: expected [1] but found [0]\r\n\tat org.testng.Assert.fail(Assert.java:96)\r\n\tat org.testng.Assert.failNotEquals(Assert.java:776)\r\n\tat org.testng.Assert.assertEqualsImpl(Assert.java:137)\r\n\tat org.testng.Assert.assertEquals(Assert.java:118)\r\n\tat org.testng.Assert.assertEquals(Assert.java:652)\r\n\tat org.testng.Assert.assertEquals(Assert.java:662)\r\n\tat pcx.modules.CreateUser.findUser(CreateUser.java:141)\r\n\tat pcx.modules.CreateUser.deleteUser(CreateUser.java:162)\r\n\tat stepDefinations.stepDefinition.DeleteUser(stepDefinition.java:456)\r\n\tat ✽.DeleteUser(file:src/test/java/features/Users%20Module.feature:23)\r\n",
    "steps" : [ {
      "name" : "And  Visit",
      "time" : {
        "start" : 1658918616547,
        "stop" : 1658918621616,
        "duration" : 5069
      },
      "status" : "passed",
      "steps" : [ ],
      "attachments" : [ ],
      "parameters" : [ ],
      "hasContent" : false,
      "stepsCount" : 0,
      "attachmentsCount" : 0,
      "shouldDisplayMessage" : false
    }, {
      "name" : "Given  Login",
      "time" : {
        "start" : 1658918621617,
        "stop" : 1658918640932,
        "duration" : 19315
      },
      "status" : "passed",
      "steps" : [ ],
      "attachments" : [ {
        "uid" : "c055a6280dd75867",
        "name" : "Just Login",
        "source" : "c055a6280dd75867.png",
        "type" : "image/png",
        "size" : 76479
      } ],
      "parameters" : [ ],
      "hasContent" : true,
      "stepsCount" : 0,
      "attachmentsCount" : 1,
      "shouldDisplayMessage" : false
    }, {
      "name" : "Given  DeleteUser",
      "time" : {
        "start" : 1658918640933,
        "stop" : 1658918907013,
        "duration" : 266080
      },
      "status" : "failed",
      "statusMessage" : "expected [1] but found [0]",
      "statusTrace" : "java.lang.AssertionError: expected [1] but found [0]\r\n\tat org.testng.Assert.fail(Assert.java:96)\r\n\tat org.testng.Assert.failNotEquals(Assert.java:776)\r\n\tat org.testng.Assert.assertEqualsImpl(Assert.java:137)\r\n\tat org.testng.Assert.assertEquals(Assert.java:118)\r\n\tat org.testng.Assert.assertEquals(Assert.java:652)\r\n\tat org.testng.Assert.assertEquals(Assert.java:662)\r\n\tat pcx.modules.CreateUser.findUser(CreateUser.java:141)\r\n\tat pcx.modules.CreateUser.deleteUser(CreateUser.java:162)\r\n\tat stepDefinations.stepDefinition.DeleteUser(stepDefinition.java:456)\r\n\tat ✽.DeleteUser(file:src/test/java/features/Users%20Module.feature:23)\r\n",
      "steps" : [ ],
      "attachments" : [ ],
      "parameters" : [ ],
      "hasContent" : true,
      "stepsCount" : 0,
      "attachmentsCount" : 0,
      "shouldDisplayMessage" : true
    } ],
    "attachments" : [ ],
    "parameters" : [ ],
    "hasContent" : true,
    "stepsCount" : 3,
    "attachmentsCount" : 1,
    "shouldDisplayMessage" : false
  },
  "afterStages" : [ {
    "name" : "stepDefinition.afterScenerio(Scenario)",
    "time" : {
      "start" : 1658918907015,
      "stop" : 1658918908071,
      "duration" : 1056
    },
    "status" : "passed",
    "steps" : [ ],
    "attachments" : [ {
      "uid" : "be67776f4cf99f15",
      "name" : "Failure Screenshot",
      "source" : "be67776f4cf99f15.png",
      "type" : "image/png",
      "size" : 47455
    } ],
    "parameters" : [ ],
    "hasContent" : true,
    "stepsCount" : 0,
    "attachmentsCount" : 1,
    "shouldDisplayMessage" : false
  } ],
  "labels" : [ {
    "name" : "tag",
    "value" : "DeleteUser"
  }, {
    "name" : "tag",
    "value" : "allTest"
  }, {
    "name" : "tag",
    "value" : "Users"
  }, {
    "name" : "host",
    "value" : "DESKTOP-NH20ML0"
  }, {
    "name" : "thread",
    "value" : "14652@DESKTOP-NH20ML0.main(1)"
  }, {
    "name" : "feature",
    "value" : "Users Module"
  }, {
    "name" : "story",
    "value" : "This will create a new user and delete that user"
  }, {
    "name" : "suite",
    "value" : "Users Module"
  }, {
    "name" : "testClass",
    "value" : "This will create a new user and delete that user"
  }, {
    "name" : "framework",
    "value" : "cucumber4jvm"
  }, {
    "name" : "language",
    "value" : "java"
  }, {
    "name" : "gherkin_uri",
    "value" : "file:src/test/java/features/Users%20Module.feature"
  }, {
    "name" : "package",
    "value" : "src.test.java.features.Users Module_feature.Users Module"
  }, {
    "name" : "resultFormat",
    "value" : "allure2"
  } ],
  "parameters" : [ ],
  "links" : [ ],
  "hidden" : true,
  "retry" : true,
  "extra" : {
    "categories" : [ ],
    "tags" : [ "allTest", "DeleteUser", "Users" ]
  },
  "source" : "e875b3cb9758c2a0.json",
  "parameterValues" : [ ]
}