{
  "uid" : "f29b97e81ccdaa2",
  "name" : "It will create a case then edit the case",
  "fullName" : "Add New User: It will create a case then edit the case",
  "historyId" : "a5e57d81239036df132a2b2156497a8",
  "time" : {
    "start" : 1658263169025,
    "stop" : 1658263355503,
    "duration" : 186478
  },
  "status" : "broken",
  "statusMessage" : "no such element: Unable to locate element: {\"method\":\"xpath\",\"selector\":\"(//mat-icon[@id=\"am-1382\"])[2]\"}\n  (Session info: chrome=103.0.5060.114)\nFor documentation on this error, please visit: https://www.seleniumhq.org/exceptions/no_such_element.html\nBuild info: version: '3.141.59', revision: 'e82be7d358', time: '2018-11-14T08:17:03'\nSystem info: host: 'DESKTOP-NH20ML0', ip: '192.187.8.105', os.name: 'Windows 10', os.arch: 'amd64', os.version: '10.0', java.version: '11.0.11'\nDriver info: org.openqa.selenium.chrome.ChromeDriver\nCapabilities {acceptInsecureCerts: true, browserName: chrome, browserVersion: 103.0.5060.114, chrome: {chromedriverVersion: 103.0.5060.53 (a1711811edd7..., userDataDir: C:\\Users\\DhimanSB\\AppData\\L...}, goog:chromeOptions: {debuggerAddress: localhost:7294}, javascriptEnabled: true, networkConnectionEnabled: false, pageLoadStrategy: normal, platform: WINDOWS, platformName: WINDOWS, proxy: Proxy(), setWindowRect: true, strictFileInteractability: false, timeouts: {implicit: 0, pageLoad: 300000, script: 30000}, unhandledPromptBehavior: dismiss and notify, webauthn:extension:credBlob: true, webauthn:extension:largeBlob: true, webauthn:virtualAuthenticators: true}\nSession ID: 1641f63c21ced3d55173707f87eee93c\n*** Element info: {Using=xpath, value=(//mat-icon[@id=\"am-1382\"])[2]}",
  "statusTrace" : "org.openqa.selenium.NoSuchElementException: no such element: Unable to locate element: {\"method\":\"xpath\",\"selector\":\"(//mat-icon[@id=\"am-1382\"])[2]\"}\n  (Session info: chrome=103.0.5060.114)\nFor documentation on this error, please visit: https://www.seleniumhq.org/exceptions/no_such_element.html\nBuild info: version: '3.141.59', revision: 'e82be7d358', time: '2018-11-14T08:17:03'\nSystem info: host: 'DESKTOP-NH20ML0', ip: '192.187.8.105', os.name: 'Windows 10', os.arch: 'amd64', os.version: '10.0', java.version: '11.0.11'\nDriver info: org.openqa.selenium.chrome.ChromeDriver\nCapabilities {acceptInsecureCerts: true, browserName: chrome, browserVersion: 103.0.5060.114, chrome: {chromedriverVersion: 103.0.5060.53 (a1711811edd7..., userDataDir: C:\\Users\\DhimanSB\\AppData\\L...}, goog:chromeOptions: {debuggerAddress: localhost:7294}, javascriptEnabled: true, networkConnectionEnabled: false, pageLoadStrategy: normal, platform: WINDOWS, platformName: WINDOWS, proxy: Proxy(), setWindowRect: true, strictFileInteractability: false, timeouts: {implicit: 0, pageLoad: 300000, script: 30000}, unhandledPromptBehavior: dismiss and notify, webauthn:extension:credBlob: true, webauthn:extension:largeBlob: true, webauthn:virtualAuthenticators: true}\nSession ID: 1641f63c21ced3d55173707f87eee93c\n*** Element info: {Using=xpath, value=(//mat-icon[@id=\"am-1382\"])[2]}\r\n\tat java.base/jdk.internal.reflect.NativeConstructorAccessorImpl.newInstance0(Native Method)\r\n\tat java.base/jdk.internal.reflect.NativeConstructorAccessorImpl.newInstance(NativeConstructorAccessorImpl.java:62)\r\n\tat java.base/jdk.internal.reflect.DelegatingConstructorAccessorImpl.newInstance(DelegatingConstructorAccessorImpl.java:45)\r\n\tat java.base/java.lang.reflect.Constructor.newInstance(Constructor.java:490)\r\n\tat org.openqa.selenium.remote.http.W3CHttpResponseCodec.createException(W3CHttpResponseCodec.java:187)\r\n\tat org.openqa.selenium.remote.http.W3CHttpResponseCodec.decode(W3CHttpResponseCodec.java:122)\r\n\tat org.openqa.selenium.remote.http.W3CHttpResponseCodec.decode(W3CHttpResponseCodec.java:49)\r\n\tat org.openqa.selenium.remote.HttpCommandExecutor.execute(HttpCommandExecutor.java:158)\r\n\tat org.openqa.selenium.remote.service.DriverCommandExecutor.execute(DriverCommandExecutor.java:83)\r\n\tat org.openqa.selenium.remote.RemoteWebDriver.execute(RemoteWebDriver.java:552)\r\n\tat org.openqa.selenium.remote.RemoteWebDriver.findElement(RemoteWebDriver.java:323)\r\n\tat org.openqa.selenium.remote.RemoteWebDriver.findElementByXPath(RemoteWebDriver.java:428)\r\n\tat org.openqa.selenium.By$ByXPath.findElement(By.java:353)\r\n\tat org.openqa.selenium.remote.RemoteWebDriver.findElement(RemoteWebDriver.java:315)\r\n\tat pcx.modules.ch.makeLocator(ch.java:25)\r\n\tat pcx.modules.ch.DoHighligt(ch.java:36)\r\n\tat pcx.modules.ch.Click(ch.java:69)\r\n\tat pcx.modules.EditCase.EditCaseNow(EditCase.java:99)\r\n\tat stepDefinations.stepDefinition.EditCaseSingle(stepDefinition.java:288)\r\n\tat ✽.EditCaseSingle 1 1 \"IPEX Staging\" \"IPEX Staging\"(file:src/test/java/features/SmokeTest.feature:12)\r\n",
  "flaky" : false,
  "newFailed" : false,
  "newBroken" : true,
  "newPassed" : false,
  "retriesCount" : 12,
  "retriesStatusChange" : true,
  "beforeStages" : [ ],
  "testStage" : {
    "status" : "broken",
    "statusMessage" : "no such element: Unable to locate element: {\"method\":\"xpath\",\"selector\":\"(//mat-icon[@id=\"am-1382\"])[2]\"}\n  (Session info: chrome=103.0.5060.114)\nFor documentation on this error, please visit: https://www.seleniumhq.org/exceptions/no_such_element.html\nBuild info: version: '3.141.59', revision: 'e82be7d358', time: '2018-11-14T08:17:03'\nSystem info: host: 'DESKTOP-NH20ML0', ip: '192.187.8.105', os.name: 'Windows 10', os.arch: 'amd64', os.version: '10.0', java.version: '11.0.11'\nDriver info: org.openqa.selenium.chrome.ChromeDriver\nCapabilities {acceptInsecureCerts: true, browserName: chrome, browserVersion: 103.0.5060.114, chrome: {chromedriverVersion: 103.0.5060.53 (a1711811edd7..., userDataDir: C:\\Users\\DhimanSB\\AppData\\L...}, goog:chromeOptions: {debuggerAddress: localhost:7294}, javascriptEnabled: true, networkConnectionEnabled: false, pageLoadStrategy: normal, platform: WINDOWS, platformName: WINDOWS, proxy: Proxy(), setWindowRect: true, strictFileInteractability: false, timeouts: {implicit: 0, pageLoad: 300000, script: 30000}, unhandledPromptBehavior: dismiss and notify, webauthn:extension:credBlob: true, webauthn:extension:largeBlob: true, webauthn:virtualAuthenticators: true}\nSession ID: 1641f63c21ced3d55173707f87eee93c\n*** Element info: {Using=xpath, value=(//mat-icon[@id=\"am-1382\"])[2]}",
    "statusTrace" : "org.openqa.selenium.NoSuchElementException: no such element: Unable to locate element: {\"method\":\"xpath\",\"selector\":\"(//mat-icon[@id=\"am-1382\"])[2]\"}\n  (Session info: chrome=103.0.5060.114)\nFor documentation on this error, please visit: https://www.seleniumhq.org/exceptions/no_such_element.html\nBuild info: version: '3.141.59', revision: 'e82be7d358', time: '2018-11-14T08:17:03'\nSystem info: host: 'DESKTOP-NH20ML0', ip: '192.187.8.105', os.name: 'Windows 10', os.arch: 'amd64', os.version: '10.0', java.version: '11.0.11'\nDriver info: org.openqa.selenium.chrome.ChromeDriver\nCapabilities {acceptInsecureCerts: true, browserName: chrome, browserVersion: 103.0.5060.114, chrome: {chromedriverVersion: 103.0.5060.53 (a1711811edd7..., userDataDir: C:\\Users\\DhimanSB\\AppData\\L...}, goog:chromeOptions: {debuggerAddress: localhost:7294}, javascriptEnabled: true, networkConnectionEnabled: false, pageLoadStrategy: normal, platform: WINDOWS, platformName: WINDOWS, proxy: Proxy(), setWindowRect: true, strictFileInteractability: false, timeouts: {implicit: 0, pageLoad: 300000, script: 30000}, unhandledPromptBehavior: dismiss and notify, webauthn:extension:credBlob: true, webauthn:extension:largeBlob: true, webauthn:virtualAuthenticators: true}\nSession ID: 1641f63c21ced3d55173707f87eee93c\n*** Element info: {Using=xpath, value=(//mat-icon[@id=\"am-1382\"])[2]}\r\n\tat java.base/jdk.internal.reflect.NativeConstructorAccessorImpl.newInstance0(Native Method)\r\n\tat java.base/jdk.internal.reflect.NativeConstructorAccessorImpl.newInstance(NativeConstructorAccessorImpl.java:62)\r\n\tat java.base/jdk.internal.reflect.DelegatingConstructorAccessorImpl.newInstance(DelegatingConstructorAccessorImpl.java:45)\r\n\tat java.base/java.lang.reflect.Constructor.newInstance(Constructor.java:490)\r\n\tat org.openqa.selenium.remote.http.W3CHttpResponseCodec.createException(W3CHttpResponseCodec.java:187)\r\n\tat org.openqa.selenium.remote.http.W3CHttpResponseCodec.decode(W3CHttpResponseCodec.java:122)\r\n\tat org.openqa.selenium.remote.http.W3CHttpResponseCodec.decode(W3CHttpResponseCodec.java:49)\r\n\tat org.openqa.selenium.remote.HttpCommandExecutor.execute(HttpCommandExecutor.java:158)\r\n\tat org.openqa.selenium.remote.service.DriverCommandExecutor.execute(DriverCommandExecutor.java:83)\r\n\tat org.openqa.selenium.remote.RemoteWebDriver.execute(RemoteWebDriver.java:552)\r\n\tat org.openqa.selenium.remote.RemoteWebDriver.findElement(RemoteWebDriver.java:323)\r\n\tat org.openqa.selenium.remote.RemoteWebDriver.findElementByXPath(RemoteWebDriver.java:428)\r\n\tat org.openqa.selenium.By$ByXPath.findElement(By.java:353)\r\n\tat org.openqa.selenium.remote.RemoteWebDriver.findElement(RemoteWebDriver.java:315)\r\n\tat pcx.modules.ch.makeLocator(ch.java:25)\r\n\tat pcx.modules.ch.DoHighligt(ch.java:36)\r\n\tat pcx.modules.ch.Click(ch.java:69)\r\n\tat pcx.modules.EditCase.EditCaseNow(EditCase.java:99)\r\n\tat stepDefinations.stepDefinition.EditCaseSingle(stepDefinition.java:288)\r\n\tat ✽.EditCaseSingle 1 1 \"IPEX Staging\" \"IPEX Staging\"(file:src/test/java/features/SmokeTest.feature:12)\r\n",
    "steps" : [ {
      "name" : "Given  Visit",
      "time" : {
        "start" : 1658263169029,
        "stop" : 1658263175607,
        "duration" : 6578
      },
      "status" : "passed",
      "steps" : [ ],
      "attachments" : [ ],
      "parameters" : [ ],
      "stepsCount" : 0,
      "hasContent" : false,
      "attachmentsCount" : 0,
      "shouldDisplayMessage" : false
    }, {
      "name" : "Given  Login",
      "time" : {
        "start" : 1658263175607,
        "stop" : 1658263195040,
        "duration" : 19433
      },
      "status" : "passed",
      "steps" : [ ],
      "attachments" : [ {
        "uid" : "490694776ae487c2",
        "name" : "Just Login",
        "source" : "490694776ae487c2.png",
        "type" : "image/png",
        "size" : 77041
      } ],
      "parameters" : [ ],
      "stepsCount" : 0,
      "hasContent" : true,
      "attachmentsCount" : 1,
      "shouldDisplayMessage" : false
    }, {
      "name" : "Given  AddCaseSingle 1 1 \"IPEX Staging\" \"IPEX Staging\"",
      "time" : {
        "start" : 1658263195042,
        "stop" : 1658263277421,
        "duration" : 82379
      },
      "status" : "passed",
      "steps" : [ ],
      "attachments" : [ {
        "uid" : "fa4d7105a7f50814",
        "name" : "A new case has been created",
        "source" : "fa4d7105a7f50814.png",
        "type" : "image/png",
        "size" : 158804
      } ],
      "parameters" : [ ],
      "stepsCount" : 0,
      "hasContent" : true,
      "attachmentsCount" : 1,
      "shouldDisplayMessage" : false
    }, {
      "name" : "Given  EditCaseSingle 1 1 \"IPEX Staging\" \"IPEX Staging\"",
      "time" : {
        "start" : 1658263277421,
        "stop" : 1658263354344,
        "duration" : 76923
      },
      "status" : "broken",
      "statusMessage" : "no such element: Unable to locate element: {\"method\":\"xpath\",\"selector\":\"(//mat-icon[@id=\"am-1382\"])[2]\"}\n  (Session info: chrome=103.0.5060.114)\nFor documentation on this error, please visit: https://www.seleniumhq.org/exceptions/no_such_element.html\nBuild info: version: '3.141.59', revision: 'e82be7d358', time: '2018-11-14T08:17:03'\nSystem info: host: 'DESKTOP-NH20ML0', ip: '192.187.8.105', os.name: 'Windows 10', os.arch: 'amd64', os.version: '10.0', java.version: '11.0.11'\nDriver info: org.openqa.selenium.chrome.ChromeDriver\nCapabilities {acceptInsecureCerts: true, browserName: chrome, browserVersion: 103.0.5060.114, chrome: {chromedriverVersion: 103.0.5060.53 (a1711811edd7..., userDataDir: C:\\Users\\DhimanSB\\AppData\\L...}, goog:chromeOptions: {debuggerAddress: localhost:7294}, javascriptEnabled: true, networkConnectionEnabled: false, pageLoadStrategy: normal, platform: WINDOWS, platformName: WINDOWS, proxy: Proxy(), setWindowRect: true, strictFileInteractability: false, timeouts: {implicit: 0, pageLoad: 300000, script: 30000}, unhandledPromptBehavior: dismiss and notify, webauthn:extension:credBlob: true, webauthn:extension:largeBlob: true, webauthn:virtualAuthenticators: true}\nSession ID: 1641f63c21ced3d55173707f87eee93c\n*** Element info: {Using=xpath, value=(//mat-icon[@id=\"am-1382\"])[2]}",
      "statusTrace" : "org.openqa.selenium.NoSuchElementException: no such element: Unable to locate element: {\"method\":\"xpath\",\"selector\":\"(//mat-icon[@id=\"am-1382\"])[2]\"}\n  (Session info: chrome=103.0.5060.114)\nFor documentation on this error, please visit: https://www.seleniumhq.org/exceptions/no_such_element.html\nBuild info: version: '3.141.59', revision: 'e82be7d358', time: '2018-11-14T08:17:03'\nSystem info: host: 'DESKTOP-NH20ML0', ip: '192.187.8.105', os.name: 'Windows 10', os.arch: 'amd64', os.version: '10.0', java.version: '11.0.11'\nDriver info: org.openqa.selenium.chrome.ChromeDriver\nCapabilities {acceptInsecureCerts: true, browserName: chrome, browserVersion: 103.0.5060.114, chrome: {chromedriverVersion: 103.0.5060.53 (a1711811edd7..., userDataDir: C:\\Users\\DhimanSB\\AppData\\L...}, goog:chromeOptions: {debuggerAddress: localhost:7294}, javascriptEnabled: true, networkConnectionEnabled: false, pageLoadStrategy: normal, platform: WINDOWS, platformName: WINDOWS, proxy: Proxy(), setWindowRect: true, strictFileInteractability: false, timeouts: {implicit: 0, pageLoad: 300000, script: 30000}, unhandledPromptBehavior: dismiss and notify, webauthn:extension:credBlob: true, webauthn:extension:largeBlob: true, webauthn:virtualAuthenticators: true}\nSession ID: 1641f63c21ced3d55173707f87eee93c\n*** Element info: {Using=xpath, value=(//mat-icon[@id=\"am-1382\"])[2]}\r\n\tat java.base/jdk.internal.reflect.NativeConstructorAccessorImpl.newInstance0(Native Method)\r\n\tat java.base/jdk.internal.reflect.NativeConstructorAccessorImpl.newInstance(NativeConstructorAccessorImpl.java:62)\r\n\tat java.base/jdk.internal.reflect.DelegatingConstructorAccessorImpl.newInstance(DelegatingConstructorAccessorImpl.java:45)\r\n\tat java.base/java.lang.reflect.Constructor.newInstance(Constructor.java:490)\r\n\tat org.openqa.selenium.remote.http.W3CHttpResponseCodec.createException(W3CHttpResponseCodec.java:187)\r\n\tat org.openqa.selenium.remote.http.W3CHttpResponseCodec.decode(W3CHttpResponseCodec.java:122)\r\n\tat org.openqa.selenium.remote.http.W3CHttpResponseCodec.decode(W3CHttpResponseCodec.java:49)\r\n\tat org.openqa.selenium.remote.HttpCommandExecutor.execute(HttpCommandExecutor.java:158)\r\n\tat org.openqa.selenium.remote.service.DriverCommandExecutor.execute(DriverCommandExecutor.java:83)\r\n\tat org.openqa.selenium.remote.RemoteWebDriver.execute(RemoteWebDriver.java:552)\r\n\tat org.openqa.selenium.remote.RemoteWebDriver.findElement(RemoteWebDriver.java:323)\r\n\tat org.openqa.selenium.remote.RemoteWebDriver.findElementByXPath(RemoteWebDriver.java:428)\r\n\tat org.openqa.selenium.By$ByXPath.findElement(By.java:353)\r\n\tat org.openqa.selenium.remote.RemoteWebDriver.findElement(RemoteWebDriver.java:315)\r\n\tat pcx.modules.ch.makeLocator(ch.java:25)\r\n\tat pcx.modules.ch.DoHighligt(ch.java:36)\r\n\tat pcx.modules.ch.Click(ch.java:69)\r\n\tat pcx.modules.EditCase.EditCaseNow(EditCase.java:99)\r\n\tat stepDefinations.stepDefinition.EditCaseSingle(stepDefinition.java:288)\r\n\tat ✽.EditCaseSingle 1 1 \"IPEX Staging\" \"IPEX Staging\"(file:src/test/java/features/SmokeTest.feature:12)\r\n",
      "steps" : [ ],
      "attachments" : [ {
        "uid" : "ba9bd5704c29cfe6",
        "name" : "Got inspector email",
        "source" : "ba9bd5704c29cfe6.png",
        "type" : "image/png",
        "size" : 53288
      }, {
        "uid" : "4040546928294555",
        "name" : "Logged in into IPEX Staging [inspector] account",
        "source" : "4040546928294555.png",
        "type" : "image/png",
        "size" : 75608
      } ],
      "parameters" : [ ],
      "stepsCount" : 0,
      "hasContent" : true,
      "attachmentsCount" : 2,
      "shouldDisplayMessage" : true
    } ],
    "attachments" : [ ],
    "parameters" : [ ],
    "stepsCount" : 4,
    "hasContent" : true,
    "attachmentsCount" : 4,
    "shouldDisplayMessage" : false
  },
  "afterStages" : [ {
    "name" : "stepDefinition.afterScenerio(Scenario)",
    "time" : {
      "start" : 1658263354346,
      "stop" : 1658263355502,
      "duration" : 1156
    },
    "status" : "passed",
    "steps" : [ ],
    "attachments" : [ {
      "uid" : "2da8b290012bfa2c",
      "name" : "Failure Screenshot",
      "source" : "2da8b290012bfa2c.png",
      "type" : "image/png",
      "size" : 62454
    } ],
    "parameters" : [ ],
    "stepsCount" : 0,
    "hasContent" : true,
    "attachmentsCount" : 1,
    "shouldDisplayMessage" : false
  } ],
  "labels" : [ {
    "name" : "tag",
    "value" : "SmokeTest"
  }, {
    "name" : "host",
    "value" : "DESKTOP-NH20ML0"
  }, {
    "name" : "thread",
    "value" : "6056@DESKTOP-NH20ML0.main(1)"
  }, {
    "name" : "feature",
    "value" : "Add New User"
  }, {
    "name" : "story",
    "value" : "It will create a case then edit the case"
  }, {
    "name" : "suite",
    "value" : "Add New User"
  }, {
    "name" : "testClass",
    "value" : "It will create a case then edit the case"
  }, {
    "name" : "framework",
    "value" : "cucumber4jvm"
  }, {
    "name" : "language",
    "value" : "java"
  }, {
    "name" : "gherkin_uri",
    "value" : "file:src/test/java/features/SmokeTest.feature"
  }, {
    "name" : "package",
    "value" : "src.test.java.features.SmokeTest_feature.Add New User"
  }, {
    "name" : "resultFormat",
    "value" : "allure2"
  } ],
  "parameters" : [ ],
  "links" : [ ],
  "hidden" : false,
  "retry" : false,
  "extra" : {
    "severity" : "normal",
    "retries" : [ {
      "uid" : "3251996fe9899dce",
      "status" : "passed",
      "time" : {
        "start" : 1658222255105,
        "stop" : 1658222407075,
        "duration" : 151970
      }
    }, {
      "uid" : "11fd62be42250983",
      "status" : "broken",
      "statusDetails" : "no such element: Unable to locate element: {\"method\":\"xpath\",\"selector\":\"(//mat-icon[@id=\"am-1382\"])[2]\"}\n  (Session info: chrome=103.0.5060.114)\nFor documentation on this error, please visit: https://www.seleniumhq.org/exceptions/no_such_element.html\nBuild info: version: '3.141.59', revision: 'e82be7d358', time: '2018-11-14T08:17:03'\nSystem info: host: 'DESKTOP-NH20ML0', ip: '192.187.8.105', os.name: 'Windows 10', os.arch: 'amd64', os.version: '10.0', java.version: '15.0.1'\nDriver info: org.openqa.selenium.chrome.ChromeDriver\nCapabilities {acceptInsecureCerts: true, browserName: chrome, browserVersion: 103.0.5060.114, chrome: {chromedriverVersion: 103.0.5060.53 (a1711811edd7..., userDataDir: C:\\Users\\DhimanSB\\AppData\\L...}, goog:chromeOptions: {debuggerAddress: localhost:5049}, javascriptEnabled: true, networkConnectionEnabled: false, pageLoadStrategy: normal, platform: WINDOWS, platformName: WINDOWS, proxy: Proxy(), setWindowRect: true, strictFileInteractability: false, timeouts: {implicit: 0, pageLoad: 300000, script: 30000}, unhandledPromptBehavior: dismiss and notify, webauthn:extension:credBlob: true, webauthn:extension:largeBlob: true, webauthn:virtualAuthenticators: true}\nSession ID: 8dbe3471746a5ec2ffd6856bba246b1c\n*** Element info: {Using=xpath, value=(//mat-icon[@id=\"am-1382\"])[2]}",
      "time" : {
        "start" : 1658221992673,
        "stop" : 1658222197610,
        "duration" : 204937
      }
    }, {
      "uid" : "797324e6d7b7574f",
      "status" : "passed",
      "time" : {
        "start" : 1658141188735,
        "stop" : 1658141349477,
        "duration" : 160742
      }
    }, {
      "uid" : "60e5716e17bf9ee4",
      "status" : "passed",
      "time" : {
        "start" : 1658135032336,
        "stop" : 1658135216423,
        "duration" : 184087
      }
    }, {
      "uid" : "99511337a937f904",
      "status" : "passed",
      "time" : {
        "start" : 1658124738034,
        "stop" : 1658124882718,
        "duration" : 144684
      }
    }, {
      "uid" : "c480bbcb260a44a6",
      "status" : "passed",
      "time" : {
        "start" : 1658060131355,
        "stop" : 1658060401623,
        "duration" : 270268
      }
    }, {
      "uid" : "391d0037df913ad3",
      "status" : "passed",
      "time" : {
        "start" : 1658057861619,
        "stop" : 1658058130451,
        "duration" : 268832
      }
    }, {
      "uid" : "220e31e9304ed88",
      "status" : "passed",
      "time" : {
        "start" : 1657736588745,
        "stop" : 1657736731023,
        "duration" : 142278
      }
    }, {
      "uid" : "180e7fbe9a8cfc21",
      "status" : "passed",
      "time" : {
        "start" : 1657736032044,
        "stop" : 1657736171658,
        "duration" : 139614
      }
    }, {
      "uid" : "3027f5290f45f9fa",
      "status" : "passed",
      "time" : {
        "start" : 1657735806392,
        "stop" : 1657735945492,
        "duration" : 139100
      }
    }, {
      "uid" : "308438a51e547fe0",
      "status" : "passed",
      "time" : {
        "start" : 1657735446930,
        "stop" : 1657735577567,
        "duration" : 130637
      }
    }, {
      "uid" : "7473cc82c9649d01",
      "status" : "passed",
      "time" : {
        "start" : 1657733909815,
        "stop" : 1657734041091,
        "duration" : 131276
      }
    } ],
    "categories" : [ {
      "name" : "Test defects",
      "matchedStatuses" : [ ],
      "flaky" : false
    } ],
    "history" : {
      "statistic" : {
        "failed" : 0,
        "broken" : 1,
        "skipped" : 0,
        "passed" : 3,
        "unknown" : 0,
        "total" : 4
      },
      "items" : [ {
        "uid" : "31b97fcfcab38c71",
        "reportUrl" : "http://automate.seliselocal.com:8080/job/pcxLocal/3/allure/#testresult/31b97fcfcab38c71",
        "status" : "passed",
        "time" : {
          "start" : 1658222255105,
          "stop" : 1658222407075,
          "duration" : 151970
        }
      }, {
        "uid" : "b56c3fb28eb74887",
        "reportUrl" : "http://automate.seliselocal.com:8080/job/pcxLocal/2/allure/#testresult/b56c3fb28eb74887",
        "status" : "passed",
        "time" : {
          "start" : 1658222255105,
          "stop" : 1658222407075,
          "duration" : 151970
        }
      }, {
        "uid" : "5d95fde74cdd179e",
        "reportUrl" : "http://automate.seliselocal.com:8080/job/pcxLocal/1/allure/#testresult/5d95fde74cdd179e",
        "status" : "passed",
        "time" : {
          "start" : 1658222255105,
          "stop" : 1658222407075,
          "duration" : 151970
        }
      } ]
    },
    "tags" : [ "SmokeTest" ]
  },
  "source" : "f29b97e81ccdaa2.json",
  "parameterValues" : [ ]
}